<?xml version="1.0" encoding="UTF-8"?>
<testng-results ignored="0" total="1" passed="1" failed="0" skipped="0">
  <reporter-output>
  </reporter-output>
  <suite started-at="2023-10-18T19:47:44 IST" name="Default suite" finished-at="2023-10-18T19:47:45 IST" duration-ms="530">
    <groups>
    </groups>
    <test started-at="2023-10-18T19:47:44 IST" name="Default test" finished-at="2023-10-18T19:47:45 IST" duration-ms="530">
      <class name="Day7.FakerDataGenerator">
        <test-method signature="testGeneratorDummyData()[pri:0, instance:Day7.FakerDataGenerator@32502377]" started-at="2023-10-18T19:47:44 IST" name="testGeneratorDummyData" finished-at="2023-10-18T19:47:44 IST" duration-ms="435" status="PASS">
          <reporter-output>
          </reporter-output>
        </test-method> <!-- testGeneratorDummyData -->
      </class> <!-- Day7.FakerDataGenerator -->
    </test> <!-- Default test -->
  </suite> <!-- Default suite -->
</testng-results>
